<?xml version="1.0" encoding="UTF-8"?>
<testsuite xmlns:xsi="http://www.w3.org/2001/XMLSchema-instance" xsi:noNamespaceSchemaLocation="https://maven.apache.org/surefire/maven-surefire-plugin/xsd/surefire-test-report-3.0.xsd" version="3.0" name="com.example.chatbot.nlp.IntentDetectorTest" time="0.017" tests="3" errors="0" skipped="0" failures="0">
  <properties>
[...]
</properties>
  <testcase name="detectsRefund" classname="com.example.chatbot.nlp.IntentDetectorTest" time="0.01"/>
  <testcase name="detectsOrderStatus" classname="com.example.chatbot.nlp.IntentDetectorTest" time="0.001"/>
  <testcase name="unknownOtherwise" classname="com.example.chatbot.nlp.IntentDetectorTest" time="0.001"/>
</testsuite>